<?xml version="1.0" encoding="UTF-8"?>
<!-- Generated by org.testng.reporters.JUnitXMLReporter -->
<testsuite ignored="2" hostname="Ashamais-Air.attlocal.net" failures="0" tests="4" name="Test" time="52.152" errors="0" timestamp="2023-03-07T18:38:37 PST">
  <testcase classname="MMPLogin.MMPLogin.NewTestNgClass" name="profile" time="44.464"/>
  <testcase classname="MMPLogin.MMPLogin.NewTestNgClass" name="testcase1" time="0.003"/>
  <testcase classname="MMPLogin.MMPLogin.OrderofTestExecution" name="stockdetails" time="7.57"/>
  <testcase classname="MMPLogin.MMPLogin.OrderofTestExecution" name="testcase4" time="0.003"/>
  <testcase classname="MMPLogin.MMPLogin.NewTestNgClass" name="testcase2" time="0.0">
    <ignored/>
  </testcase> <!-- testcase2 -->
  <testcase classname="MMPLogin.MMPLogin.OrderofTestExecution" name="testcase3" time="0.0">
    <ignored/>
  </testcase> <!-- testcase3 -->
</testsuite> <!-- Test -->
