<?xml version="1.0" encoding="UTF-8"?>
<testng-results ignored="0" total="1" passed="1" failed="0" skipped="0">
  <reporter-output>
  </reporter-output>
  <suite started-at="2023-03-20T12:28:17 PDT" name="Default suite" finished-at="2023-03-20T12:28:47 PDT" duration-ms="30329">
    <groups>
    </groups>
    <test started-at="2023-03-20T12:28:17 PDT" name="Default test" finished-at="2023-03-20T12:28:47 PDT" duration-ms="30329">
      <class name="MMPLogin.MMPLogin.AdminVerifyMsg">
        <test-method is-config="true" signature="instantiateDriver1()[pri:0, instance:MMPLogin.MMPLogin.AdminVerifyMsg@1f3f4916]" started-at="2023-03-20T12:28:17 PDT" name="instantiateDriver1" finished-at="2023-03-20T12:28:29 PDT" duration-ms="12635" status="PASS">
          <reporter-output>
          </reporter-output>
        </test-method> <!-- instantiateDriver1 -->
        <test-method signature="VerifyMessage()[pri:0, instance:MMPLogin.MMPLogin.AdminVerifyMsg@1f3f4916]" started-at="2023-03-20T12:28:29 PDT" name="VerifyMessage" description="TC_003 Validation of the messages sent in inbox" finished-at="2023-03-20T12:28:47 PDT" duration-ms="17574" status="PASS">
          <reporter-output>
          </reporter-output>
        </test-method> <!-- VerifyMessage -->
      </class> <!-- MMPLogin.MMPLogin.AdminVerifyMsg -->
    </test> <!-- Default test -->
  </suite> <!-- Default suite -->
</testng-results>
